<?xml version="1.0" encoding="UTF-8"?>
<testng-results ignored="0" total="3" passed="3" failed="0" skipped="0">
  <reporter-output>
  </reporter-output>
  <suite started-at="2022-10-12T15:19:45 IST" name="TestSuite" finished-at="2022-10-12T15:22:45 IST" duration-ms="180422">
    <groups>
    </groups>
    <test started-at="2022-10-12T15:19:45 IST" name="ChromeTest" finished-at="2022-10-12T15:22:45 IST" duration-ms="180422">
      <class name="com.testing.EcommerceWebApplication">
        <test-method is-config="true" signature="Start(java.lang.String)[pri:0, instance:com.testing.EcommerceWebApplication@7d8704ef]" started-at="2022-10-12T15:19:45 IST" name="Start" finished-at="2022-10-12T15:20:35 IST" duration-ms="49790" status="PASS">
          <params>
            <param index="0">
              <value>
                <![CDATA[Chrome]]>
              </value>
            </param>
          </params>
          <reporter-output>
          </reporter-output>
        </test-method> <!-- Start -->
        <test-method signature="home()[pri:0, instance:com.testing.EcommerceWebApplication@7d8704ef]" started-at="2022-10-12T15:20:35 IST" name="home" finished-at="2022-10-12T15:22:36 IST" duration-ms="121175" status="PASS">
          <reporter-output>
          </reporter-output>
        </test-method> <!-- home -->
        <test-method signature="search()[pri:1, instance:com.testing.EcommerceWebApplication@7d8704ef]" started-at="2022-10-12T15:22:36 IST" name="search" finished-at="2022-10-12T15:22:41 IST" duration-ms="5057" status="PASS">
          <reporter-output>
          </reporter-output>
        </test-method> <!-- search -->
        <test-method signature="pageHeight()[pri:2, instance:com.testing.EcommerceWebApplication@7d8704ef]" started-at="2022-10-12T15:22:41 IST" name="pageHeight" finished-at="2022-10-12T15:22:42 IST" duration-ms="454" status="PASS">
          <reporter-output>
          </reporter-output>
        </test-method> <!-- pageHeight -->
        <test-method is-config="true" signature="end()[pri:0, instance:com.testing.EcommerceWebApplication@7d8704ef]" started-at="2022-10-12T15:22:42 IST" name="end" finished-at="2022-10-12T15:22:45 IST" duration-ms="3781" status="PASS">
          <reporter-output>
          </reporter-output>
        </test-method> <!-- end -->
      </class> <!-- com.testing.EcommerceWebApplication -->
    </test> <!-- ChromeTest -->
  </suite> <!-- TestSuite -->
</testng-results>
