<?xml version="1.0" encoding="UTF-8"?>
<!-- Generated by org.testng.reporters.JUnitXMLReporter -->
<testsuite ignored="0" hostname="DESKTOP-GFL6RHU" failures="0" tests="6" name="ChromeTest" time="180.422" errors="0" timestamp="2022-10-12T15:22:46 IST">
  <testcase classname="com.testing.EcommerceWebApplication" name="home" time="63.964"/>
  <testcase classname="com.testing.EcommerceWebApplication" name="search" time="28.23"/>
  <testcase classname="com.testing.EcommerceWebApplication" name="pageHeight" time="0.115"/>
  <testcase classname="com.testing.EcommerceWebApplication" name="home" time="121.175"/>
  <testcase classname="com.testing.EcommerceWebApplication" name="search" time="5.057"/>
  <testcase classname="com.testing.EcommerceWebApplication" name="pageHeight" time="0.454"/>
</testsuite> <!-- ChromeTest -->
